CRITICAL - 2023-04-16 01:57:23 --> Class "App\Controllers\PersonaModel" not found
in APPPATH\Controllers\Personas.php on line 17.
 1 SYSTEMPATH\CodeIgniter.php(898): App\Controllers\Personas->index()
 2 SYSTEMPATH\CodeIgniter.php(457): CodeIgniter\CodeIgniter->runController(Object(App\Controllers\Personas))
 3 SYSTEMPATH\CodeIgniter.php(340): CodeIgniter\CodeIgniter->handleRequest(null, Object(Config\Cache), false)
 4 FCPATH\index.php(67): CodeIgniter\CodeIgniter->run()
CRITICAL - 2023-04-16 01:57:50 --> Class "App\Models\PersonaModel" not found
in APPPATH\Controllers\Personas.php on line 19.
 1 SYSTEMPATH\CodeIgniter.php(898): App\Controllers\Personas->index()
 2 SYSTEMPATH\CodeIgniter.php(457): CodeIgniter\CodeIgniter->runController(Object(App\Controllers\Personas))
 3 SYSTEMPATH\CodeIgniter.php(340): CodeIgniter\CodeIgniter->handleRequest(null, Object(Config\Cache), false)
 4 FCPATH\index.php(67): CodeIgniter\CodeIgniter->run()
CRITICAL - 2023-04-16 01:57:51 --> Class "App\Models\PersonaModel" not found
in APPPATH\Controllers\Personas.php on line 19.
 1 SYSTEMPATH\CodeIgniter.php(898): App\Controllers\Personas->index()
 2 SYSTEMPATH\CodeIgniter.php(457): CodeIgniter\CodeIgniter->runController(Object(App\Controllers\Personas))
 3 SYSTEMPATH\CodeIgniter.php(340): CodeIgniter\CodeIgniter->handleRequest(null, Object(Config\Cache), false)
 4 FCPATH\index.php(67): CodeIgniter\CodeIgniter->run()
CRITICAL - 2023-04-16 01:57:51 --> Class "App\Models\PersonaModel" not found
in APPPATH\Controllers\Personas.php on line 19.
 1 SYSTEMPATH\CodeIgniter.php(898): App\Controllers\Personas->index()
 2 SYSTEMPATH\CodeIgniter.php(457): CodeIgniter\CodeIgniter->runController(Object(App\Controllers\Personas))
 3 SYSTEMPATH\CodeIgniter.php(340): CodeIgniter\CodeIgniter->handleRequest(null, Object(Config\Cache), false)
 4 FCPATH\index.php(67): CodeIgniter\CodeIgniter->run()
CRITICAL - 2023-04-16 01:57:52 --> Class "App\Models\PersonaModel" not found
in APPPATH\Controllers\Personas.php on line 19.
 1 SYSTEMPATH\CodeIgniter.php(898): App\Controllers\Personas->index()
 2 SYSTEMPATH\CodeIgniter.php(457): CodeIgniter\CodeIgniter->runController(Object(App\Controllers\Personas))
 3 SYSTEMPATH\CodeIgniter.php(340): CodeIgniter\CodeIgniter->handleRequest(null, Object(Config\Cache), false)
 4 FCPATH\index.php(67): CodeIgniter\CodeIgniter->run()
CRITICAL - 2023-04-16 01:59:34 --> Class "App\Models\PersonaModel" not found
in APPPATH\Controllers\Personas.php on line 19.
 1 SYSTEMPATH\CodeIgniter.php(898): App\Controllers\Personas->index()
 2 SYSTEMPATH\CodeIgniter.php(457): CodeIgniter\CodeIgniter->runController(Object(App\Controllers\Personas))
 3 SYSTEMPATH\CodeIgniter.php(340): CodeIgniter\CodeIgniter->handleRequest(null, Object(Config\Cache), false)
 4 FCPATH\index.php(67): CodeIgniter\CodeIgniter->run()
CRITICAL - 2023-04-16 01:59:34 --> Class "App\Models\PersonaModel" not found
in APPPATH\Controllers\Personas.php on line 19.
 1 SYSTEMPATH\CodeIgniter.php(898): App\Controllers\Personas->index()
 2 SYSTEMPATH\CodeIgniter.php(457): CodeIgniter\CodeIgniter->runController(Object(App\Controllers\Personas))
 3 SYSTEMPATH\CodeIgniter.php(340): CodeIgniter\CodeIgniter->handleRequest(null, Object(Config\Cache), false)
 4 FCPATH\index.php(67): CodeIgniter\CodeIgniter->run()
CRITICAL - 2023-04-16 01:59:35 --> Class "App\Models\PersonaModel" not found
in APPPATH\Controllers\Personas.php on line 19.
 1 SYSTEMPATH\CodeIgniter.php(898): App\Controllers\Personas->index()
 2 SYSTEMPATH\CodeIgniter.php(457): CodeIgniter\CodeIgniter->runController(Object(App\Controllers\Personas))
 3 SYSTEMPATH\CodeIgniter.php(340): CodeIgniter\CodeIgniter->handleRequest(null, Object(Config\Cache), false)
 4 FCPATH\index.php(67): CodeIgniter\CodeIgniter->run()
CRITICAL - 2023-04-16 01:59:35 --> Class "App\Models\PersonaModel" not found
in APPPATH\Controllers\Personas.php on line 19.
 1 SYSTEMPATH\CodeIgniter.php(898): App\Controllers\Personas->index()
 2 SYSTEMPATH\CodeIgniter.php(457): CodeIgniter\CodeIgniter->runController(Object(App\Controllers\Personas))
 3 SYSTEMPATH\CodeIgniter.php(340): CodeIgniter\CodeIgniter->handleRequest(null, Object(Config\Cache), false)
 4 FCPATH\index.php(67): CodeIgniter\CodeIgniter->run()
CRITICAL - 2023-04-16 01:59:35 --> Class "App\Models\PersonaModel" not found
in APPPATH\Controllers\Personas.php on line 19.
 1 SYSTEMPATH\CodeIgniter.php(898): App\Controllers\Personas->index()
 2 SYSTEMPATH\CodeIgniter.php(457): CodeIgniter\CodeIgniter->runController(Object(App\Controllers\Personas))
 3 SYSTEMPATH\CodeIgniter.php(340): CodeIgniter\CodeIgniter->handleRequest(null, Object(Config\Cache), false)
 4 FCPATH\index.php(67): CodeIgniter\CodeIgniter->run()
CRITICAL - 2023-04-16 02:00:02 --> Class "App\Models\PersonaModel" not found
in APPPATH\Controllers\Personas.php on line 19.
 1 SYSTEMPATH\CodeIgniter.php(898): App\Controllers\Personas->index()
 2 SYSTEMPATH\CodeIgniter.php(457): CodeIgniter\CodeIgniter->runController(Object(App\Controllers\Personas))
 3 SYSTEMPATH\CodeIgniter.php(340): CodeIgniter\CodeIgniter->handleRequest(null, Object(Config\Cache), false)
 4 FCPATH\index.php(67): CodeIgniter\CodeIgniter->run()
CRITICAL - 2023-04-16 02:00:03 --> Class "App\Models\PersonaModel" not found
in APPPATH\Controllers\Personas.php on line 19.
 1 SYSTEMPATH\CodeIgniter.php(898): App\Controllers\Personas->index()
 2 SYSTEMPATH\CodeIgniter.php(457): CodeIgniter\CodeIgniter->runController(Object(App\Controllers\Personas))
 3 SYSTEMPATH\CodeIgniter.php(340): CodeIgniter\CodeIgniter->handleRequest(null, Object(Config\Cache), false)
 4 FCPATH\index.php(67): CodeIgniter\CodeIgniter->run()
CRITICAL - 2023-04-16 02:00:03 --> Class "App\Models\PersonaModel" not found
in APPPATH\Controllers\Personas.php on line 19.
 1 SYSTEMPATH\CodeIgniter.php(898): App\Controllers\Personas->index()
 2 SYSTEMPATH\CodeIgniter.php(457): CodeIgniter\CodeIgniter->runController(Object(App\Controllers\Personas))
 3 SYSTEMPATH\CodeIgniter.php(340): CodeIgniter\CodeIgniter->handleRequest(null, Object(Config\Cache), false)
 4 FCPATH\index.php(67): CodeIgniter\CodeIgniter->run()
CRITICAL - 2023-04-16 02:00:29 --> Class "App\Models\PersonaModel" not found
in APPPATH\Controllers\Personas.php on line 19.
 1 SYSTEMPATH\CodeIgniter.php(898): App\Controllers\Personas->index()
 2 SYSTEMPATH\CodeIgniter.php(457): CodeIgniter\CodeIgniter->runController(Object(App\Controllers\Personas))
 3 SYSTEMPATH\CodeIgniter.php(340): CodeIgniter\CodeIgniter->handleRequest(null, Object(Config\Cache), false)
 4 FCPATH\index.php(67): CodeIgniter\CodeIgniter->run()
CRITICAL - 2023-04-16 10:45:29 --> Class "App\Models\PersonaModel" not found
in APPPATH\Controllers\Personas.php on line 19.
 1 SYSTEMPATH\CodeIgniter.php(898): App\Controllers\Personas->index()
 2 SYSTEMPATH\CodeIgniter.php(457): CodeIgniter\CodeIgniter->runController(Object(App\Controllers\Personas))
 3 SYSTEMPATH\CodeIgniter.php(340): CodeIgniter\CodeIgniter->handleRequest(null, Object(Config\Cache), false)
 4 FCPATH\index.php(67): CodeIgniter\CodeIgniter->run()
CRITICAL - 2023-04-16 10:45:36 --> Class "App\Models\PersonaModel" not found
in APPPATH\Controllers\Personas.php on line 19.
 1 SYSTEMPATH\CodeIgniter.php(898): App\Controllers\Personas->index()
 2 SYSTEMPATH\CodeIgniter.php(457): CodeIgniter\CodeIgniter->runController(Object(App\Controllers\Personas))
 3 SYSTEMPATH\CodeIgniter.php(340): CodeIgniter\CodeIgniter->handleRequest(null, Object(Config\Cache), false)
 4 FCPATH\index.php(67): CodeIgniter\CodeIgniter->run()
CRITICAL - 2023-04-16 10:46:12 --> Class "App\Models\PersonaModel" not found
in APPPATH\Controllers\Personas.php on line 19.
 1 SYSTEMPATH\CodeIgniter.php(898): App\Controllers\Personas->index()
 2 SYSTEMPATH\CodeIgniter.php(457): CodeIgniter\CodeIgniter->runController(Object(App\Controllers\Personas))
 3 SYSTEMPATH\CodeIgniter.php(340): CodeIgniter\CodeIgniter->handleRequest(null, Object(Config\Cache), false)
 4 FCPATH\index.php(67): CodeIgniter\CodeIgniter->run()
CRITICAL - 2023-04-16 10:47:13 --> Class "App\Models\PersonaModel" not found
in APPPATH\Controllers\Personas.php on line 19.
 1 SYSTEMPATH\CodeIgniter.php(898): App\Controllers\Personas->index()
 2 SYSTEMPATH\CodeIgniter.php(457): CodeIgniter\CodeIgniter->runController(Object(App\Controllers\Personas))
 3 SYSTEMPATH\CodeIgniter.php(340): CodeIgniter\CodeIgniter->handleRequest(null, Object(Config\Cache), false)
 4 FCPATH\index.php(67): CodeIgniter\CodeIgniter->run()
CRITICAL - 2023-04-16 10:48:01 --> Class "App\Models\PersonaModel" not found
in APPPATH\Controllers\Personas.php on line 19.
 1 SYSTEMPATH\CodeIgniter.php(898): App\Controllers\Personas->index()
 2 SYSTEMPATH\CodeIgniter.php(457): CodeIgniter\CodeIgniter->runController(Object(App\Controllers\Personas))
 3 SYSTEMPATH\CodeIgniter.php(340): CodeIgniter\CodeIgniter->handleRequest(null, Object(Config\Cache), false)
 4 FCPATH\index.php(67): CodeIgniter\CodeIgniter->run()
CRITICAL - 2023-04-16 10:48:26 --> Class "App\Models\PersonaModel" not found
in APPPATH\Controllers\Personas.php on line 19.
 1 SYSTEMPATH\CodeIgniter.php(898): App\Controllers\Personas->index()
 2 SYSTEMPATH\CodeIgniter.php(457): CodeIgniter\CodeIgniter->runController(Object(App\Controllers\Personas))
 3 SYSTEMPATH\CodeIgniter.php(340): CodeIgniter\CodeIgniter->handleRequest(null, Object(Config\Cache), false)
 4 FCPATH\index.php(67): CodeIgniter\CodeIgniter->run()
CRITICAL - 2023-04-16 10:58:18 --> Call to undefined method App\Models\PersonaModel::getOne
in SYSTEMPATH\Model.php on line 773.
 1 APPPATH\Controllers\Personas.php(35): CodeIgniter\Model->__call('getOne', [...])
 2 SYSTEMPATH\CodeIgniter.php(898): App\Controllers\Personas->show('1')
 3 SYSTEMPATH\CodeIgniter.php(457): CodeIgniter\CodeIgniter->runController(Object(App\Controllers\Personas))
 4 SYSTEMPATH\CodeIgniter.php(340): CodeIgniter\CodeIgniter->handleRequest(null, Object(Config\Cache), false)
 5 FCPATH\index.php(67): CodeIgniter\CodeIgniter->run()
ERROR - 2023-04-16 12:46:27 --> mysqli_sql_exception: Unknown column 'id_persona' in 'where clause' in C:\htdocs\ci4-clone1\system\Database\MySQLi\Connection.php:292
Stack trace:
#0 C:\htdocs\ci4-clone1\system\Database\MySQLi\Connection.php(292): mysqli->query('SELECT *\nFROM `...', 0)
#1 C:\htdocs\ci4-clone1\system\Database\BaseConnection.php(693): CodeIgniter\Database\MySQLi\Connection->execute('SELECT *\nFROM `...')
#2 C:\htdocs\ci4-clone1\system\Database\BaseConnection.php(620): CodeIgniter\Database\BaseConnection->simpleQuery('SELECT *\nFROM `...')
#3 C:\htdocs\ci4-clone1\system\Database\BaseBuilder.php(1718): CodeIgniter\Database\BaseConnection->query('SELECT *\nFROM `...', Array, false)
#4 C:\htdocs\ci4-clone1\system\Model.php(771): CodeIgniter\Database\BaseBuilder->getWhere(Array)
#5 C:\htdocs\ci4-clone1\app\Models\PersonaModel.php(45): CodeIgniter\Model->__call('getWhere', Array)
#6 C:\htdocs\ci4-clone1\app\Controllers\Personas.php(35): App\Models\PersonaModel->getOne(Array)
#7 C:\htdocs\ci4-clone1\system\CodeIgniter.php(898): App\Controllers\Personas->show('1')
#8 C:\htdocs\ci4-clone1\system\CodeIgniter.php(457): CodeIgniter\CodeIgniter->runController(Object(App\Controllers\Personas))
#9 C:\htdocs\ci4-clone1\system\CodeIgniter.php(340): CodeIgniter\CodeIgniter->handleRequest(NULL, Object(Config\Cache), false)
#10 C:\htdocs\ci4-clone1\public\index.php(67): CodeIgniter\CodeIgniter->run()
#11 {main}
CRITICAL - 2023-04-16 12:46:27 --> Unknown column 'id_persona' in 'where clause'
in SYSTEMPATH\Database\MySQLi\Connection.php on line 292.
 1 SYSTEMPATH\Database\MySQLi\Connection.php(292): mysqli->query('SELECT *
FROM `personas`
WHERE `id_persona` = \'1\'', 0)
 2 SYSTEMPATH\Database\BaseConnection.php(693): CodeIgniter\Database\MySQLi\Connection->execute('SELECT *
FROM `personas`
WHERE `id_persona` = \'1\'')
 3 SYSTEMPATH\Database\BaseConnection.php(620): CodeIgniter\Database\BaseConnection->simpleQuery('SELECT *
FROM `personas`
WHERE `id_persona` = \'1\'')
 4 SYSTEMPATH\Database\BaseBuilder.php(1718): CodeIgniter\Database\BaseConnection->query('SELECT *
FROM `personas`
WHERE `id_persona` = :id_persona:', [...], false)
 5 SYSTEMPATH\Model.php(771): CodeIgniter\Database\BaseBuilder->getWhere([...])
 6 APPPATH\Models\PersonaModel.php(45): CodeIgniter\Model->__call('getWhere', [...])
 7 APPPATH\Controllers\Personas.php(35): App\Models\PersonaModel->getOne([...])
 8 SYSTEMPATH\CodeIgniter.php(898): App\Controllers\Personas->show('1')
 9 SYSTEMPATH\CodeIgniter.php(457): CodeIgniter\CodeIgniter->runController(Object(App\Controllers\Personas))
10 SYSTEMPATH\CodeIgniter.php(340): CodeIgniter\CodeIgniter->handleRequest(null, Object(Config\Cache), false)
11 FCPATH\index.php(67): CodeIgniter\CodeIgniter->run()
