ERROR - 2024-11-24 11:37:13 --> Error connecting to the database: mysqli_sql_exception: Access denied for user 'root'@'localhost' (using password: YES) in C:\htdocs\ecommerce\system\Database\MySQLi\Connection.php:170
Stack trace:
#0 C:\htdocs\ecommerce\system\Database\MySQLi\Connection.php(170): mysqli->real_connect('localhost', 'root', Object(SensitiveParameterValue), 'test-crud', 3306, '', 0)
#1 C:\htdocs\ecommerce\system\Database\BaseConnection.php(382): CodeIgniter\Database\MySQLi\Connection->connect(false)
#2 C:\htdocs\ecommerce\system\Database\BaseConnection.php(588): CodeIgniter\Database\BaseConnection->initialize()
#3 C:\htdocs\ecommerce\system\Database\BaseBuilder.php(1585): CodeIgniter\Database\BaseConnection->query('SELECT `persona...', Array, false)
#4 C:\htdocs\ecommerce\system\Model.php(771): CodeIgniter\Database\BaseBuilder->get()
#5 C:\htdocs\ecommerce\app\Models\PersonaModel.php(16): CodeIgniter\Model->__call('get', Array)
#6 C:\htdocs\ecommerce\app\Controllers\Personas.php(16): App\Models\PersonaModel->all()
#7 C:\htdocs\ecommerce\system\CodeIgniter.php(898): App\Controllers\Personas->index()
#8 C:\htdocs\ecommerce\system\CodeIgniter.php(457): CodeIgniter\CodeIgniter->runController(Object(App\Controllers\Personas))
#9 C:\htdocs\ecommerce\system\CodeIgniter.php(340): CodeIgniter\CodeIgniter->handleRequest(NULL, Object(Config\Cache), false)
#10 C:\htdocs\ecommerce\public\index.php(67): CodeIgniter\CodeIgniter->run()
#11 {main}

Next CodeIgniter\Database\Exceptions\DatabaseException: Access denied for user '****'@'localhost' (using password: YES) in C:\htdocs\ecommerce\system\Database\MySQLi\Connection.php:215
Stack trace:
#0 C:\htdocs\ecommerce\system\Database\BaseConnection.php(382): CodeIgniter\Database\MySQLi\Connection->connect(false)
#1 C:\htdocs\ecommerce\system\Database\BaseConnection.php(588): CodeIgniter\Database\BaseConnection->initialize()
#2 C:\htdocs\ecommerce\system\Database\BaseBuilder.php(1585): CodeIgniter\Database\BaseConnection->query('SELECT `persona...', Array, false)
#3 C:\htdocs\ecommerce\system\Model.php(771): CodeIgniter\Database\BaseBuilder->get()
#4 C:\htdocs\ecommerce\app\Models\PersonaModel.php(16): CodeIgniter\Model->__call('get', Array)
#5 C:\htdocs\ecommerce\app\Controllers\Personas.php(16): App\Models\PersonaModel->all()
#6 C:\htdocs\ecommerce\system\CodeIgniter.php(898): App\Controllers\Personas->index()
#7 C:\htdocs\ecommerce\system\CodeIgniter.php(457): CodeIgniter\CodeIgniter->runController(Object(App\Controllers\Personas))
#8 C:\htdocs\ecommerce\system\CodeIgniter.php(340): CodeIgniter\CodeIgniter->handleRequest(NULL, Object(Config\Cache), false)
#9 C:\htdocs\ecommerce\public\index.php(67): CodeIgniter\CodeIgniter->run()
#10 {main}
CRITICAL - 2024-11-24 11:37:13 --> Unable to connect to the database.
Main connection [MySQLi]: Access denied for user '****'@'localhost' (using password: YES)
in SYSTEMPATH\Database\BaseConnection.php on line 418.
 1 SYSTEMPATH\Database\BaseConnection.php(588): CodeIgniter\Database\BaseConnection->initialize()
 2 SYSTEMPATH\Database\BaseBuilder.php(1585): CodeIgniter\Database\BaseConnection->query('SELECT `personas`.*, `generos`.`nombre` as `genero`
FROM `personas`
JOIN `generos` ON `generos`.`id` = `personas`.`genero_id`', [], false)
 3 SYSTEMPATH\Model.php(771): CodeIgniter\Database\BaseBuilder->get()
 4 APPPATH\Models\PersonaModel.php(16): CodeIgniter\Model->__call('get', [])
 5 APPPATH\Controllers\Personas.php(16): App\Models\PersonaModel->all()
 6 SYSTEMPATH\CodeIgniter.php(898): App\Controllers\Personas->index()
 7 SYSTEMPATH\CodeIgniter.php(457): CodeIgniter\CodeIgniter->runController(Object(App\Controllers\Personas))
 8 SYSTEMPATH\CodeIgniter.php(340): CodeIgniter\CodeIgniter->handleRequest(null, Object(Config\Cache), false)
 9 FCPATH\index.php(67): CodeIgniter\CodeIgniter->run()
ERROR - 2024-11-24 11:38:26 --> Error connecting to the database: mysqli_sql_exception: Access denied for user 'root'@'localhost' (using password: YES) in C:\htdocs\ecommerce\system\Database\MySQLi\Connection.php:170
Stack trace:
#0 C:\htdocs\ecommerce\system\Database\MySQLi\Connection.php(170): mysqli->real_connect('localhost', 'root', Object(SensitiveParameterValue), 'ecommerce', 3306, '', 0)
#1 C:\htdocs\ecommerce\system\Database\BaseConnection.php(382): CodeIgniter\Database\MySQLi\Connection->connect(false)
#2 C:\htdocs\ecommerce\system\Database\BaseConnection.php(588): CodeIgniter\Database\BaseConnection->initialize()
#3 C:\htdocs\ecommerce\system\Database\BaseBuilder.php(1585): CodeIgniter\Database\BaseConnection->query('SELECT `persona...', Array, false)
#4 C:\htdocs\ecommerce\system\Model.php(771): CodeIgniter\Database\BaseBuilder->get()
#5 C:\htdocs\ecommerce\app\Models\PersonaModel.php(16): CodeIgniter\Model->__call('get', Array)
#6 C:\htdocs\ecommerce\app\Controllers\Personas.php(16): App\Models\PersonaModel->all()
#7 C:\htdocs\ecommerce\system\CodeIgniter.php(898): App\Controllers\Personas->index()
#8 C:\htdocs\ecommerce\system\CodeIgniter.php(457): CodeIgniter\CodeIgniter->runController(Object(App\Controllers\Personas))
#9 C:\htdocs\ecommerce\system\CodeIgniter.php(340): CodeIgniter\CodeIgniter->handleRequest(NULL, Object(Config\Cache), false)
#10 C:\htdocs\ecommerce\public\index.php(67): CodeIgniter\CodeIgniter->run()
#11 {main}

Next CodeIgniter\Database\Exceptions\DatabaseException: Access denied for user '****'@'localhost' (using password: YES) in C:\htdocs\ecommerce\system\Database\MySQLi\Connection.php:215
Stack trace:
#0 C:\htdocs\ecommerce\system\Database\BaseConnection.php(382): CodeIgniter\Database\MySQLi\Connection->connect(false)
#1 C:\htdocs\ecommerce\system\Database\BaseConnection.php(588): CodeIgniter\Database\BaseConnection->initialize()
#2 C:\htdocs\ecommerce\system\Database\BaseBuilder.php(1585): CodeIgniter\Database\BaseConnection->query('SELECT `persona...', Array, false)
#3 C:\htdocs\ecommerce\system\Model.php(771): CodeIgniter\Database\BaseBuilder->get()
#4 C:\htdocs\ecommerce\app\Models\PersonaModel.php(16): CodeIgniter\Model->__call('get', Array)
#5 C:\htdocs\ecommerce\app\Controllers\Personas.php(16): App\Models\PersonaModel->all()
#6 C:\htdocs\ecommerce\system\CodeIgniter.php(898): App\Controllers\Personas->index()
#7 C:\htdocs\ecommerce\system\CodeIgniter.php(457): CodeIgniter\CodeIgniter->runController(Object(App\Controllers\Personas))
#8 C:\htdocs\ecommerce\system\CodeIgniter.php(340): CodeIgniter\CodeIgniter->handleRequest(NULL, Object(Config\Cache), false)
#9 C:\htdocs\ecommerce\public\index.php(67): CodeIgniter\CodeIgniter->run()
#10 {main}
CRITICAL - 2024-11-24 11:38:26 --> Unable to connect to the database.
Main connection [MySQLi]: Access denied for user '****'@'localhost' (using password: YES)
in SYSTEMPATH\Database\BaseConnection.php on line 418.
 1 SYSTEMPATH\Database\BaseConnection.php(588): CodeIgniter\Database\BaseConnection->initialize()
 2 SYSTEMPATH\Database\BaseBuilder.php(1585): CodeIgniter\Database\BaseConnection->query('SELECT `personas`.*, `generos`.`nombre` as `genero`
FROM `personas`
JOIN `generos` ON `generos`.`id` = `personas`.`genero_id`', [], false)
 3 SYSTEMPATH\Model.php(771): CodeIgniter\Database\BaseBuilder->get()
 4 APPPATH\Models\PersonaModel.php(16): CodeIgniter\Model->__call('get', [])
 5 APPPATH\Controllers\Personas.php(16): App\Models\PersonaModel->all()
 6 SYSTEMPATH\CodeIgniter.php(898): App\Controllers\Personas->index()
 7 SYSTEMPATH\CodeIgniter.php(457): CodeIgniter\CodeIgniter->runController(Object(App\Controllers\Personas))
 8 SYSTEMPATH\CodeIgniter.php(340): CodeIgniter\CodeIgniter->handleRequest(null, Object(Config\Cache), false)
 9 FCPATH\index.php(67): CodeIgniter\CodeIgniter->run()
ERROR - 2024-11-24 11:38:28 --> Error connecting to the database: mysqli_sql_exception: Access denied for user 'root'@'localhost' (using password: YES) in C:\htdocs\ecommerce\system\Database\MySQLi\Connection.php:170
Stack trace:
#0 C:\htdocs\ecommerce\system\Database\MySQLi\Connection.php(170): mysqli->real_connect('localhost', 'root', Object(SensitiveParameterValue), 'ecommerce', 3306, '', 0)
#1 C:\htdocs\ecommerce\system\Database\BaseConnection.php(382): CodeIgniter\Database\MySQLi\Connection->connect(false)
#2 C:\htdocs\ecommerce\system\Database\BaseConnection.php(588): CodeIgniter\Database\BaseConnection->initialize()
#3 C:\htdocs\ecommerce\system\Database\BaseBuilder.php(1585): CodeIgniter\Database\BaseConnection->query('SELECT `persona...', Array, false)
#4 C:\htdocs\ecommerce\system\Model.php(771): CodeIgniter\Database\BaseBuilder->get()
#5 C:\htdocs\ecommerce\app\Models\PersonaModel.php(16): CodeIgniter\Model->__call('get', Array)
#6 C:\htdocs\ecommerce\app\Controllers\Personas.php(16): App\Models\PersonaModel->all()
#7 C:\htdocs\ecommerce\system\CodeIgniter.php(898): App\Controllers\Personas->index()
#8 C:\htdocs\ecommerce\system\CodeIgniter.php(457): CodeIgniter\CodeIgniter->runController(Object(App\Controllers\Personas))
#9 C:\htdocs\ecommerce\system\CodeIgniter.php(340): CodeIgniter\CodeIgniter->handleRequest(NULL, Object(Config\Cache), false)
#10 C:\htdocs\ecommerce\public\index.php(67): CodeIgniter\CodeIgniter->run()
#11 {main}

Next CodeIgniter\Database\Exceptions\DatabaseException: Access denied for user '****'@'localhost' (using password: YES) in C:\htdocs\ecommerce\system\Database\MySQLi\Connection.php:215
Stack trace:
#0 C:\htdocs\ecommerce\system\Database\BaseConnection.php(382): CodeIgniter\Database\MySQLi\Connection->connect(false)
#1 C:\htdocs\ecommerce\system\Database\BaseConnection.php(588): CodeIgniter\Database\BaseConnection->initialize()
#2 C:\htdocs\ecommerce\system\Database\BaseBuilder.php(1585): CodeIgniter\Database\BaseConnection->query('SELECT `persona...', Array, false)
#3 C:\htdocs\ecommerce\system\Model.php(771): CodeIgniter\Database\BaseBuilder->get()
#4 C:\htdocs\ecommerce\app\Models\PersonaModel.php(16): CodeIgniter\Model->__call('get', Array)
#5 C:\htdocs\ecommerce\app\Controllers\Personas.php(16): App\Models\PersonaModel->all()
#6 C:\htdocs\ecommerce\system\CodeIgniter.php(898): App\Controllers\Personas->index()
#7 C:\htdocs\ecommerce\system\CodeIgniter.php(457): CodeIgniter\CodeIgniter->runController(Object(App\Controllers\Personas))
#8 C:\htdocs\ecommerce\system\CodeIgniter.php(340): CodeIgniter\CodeIgniter->handleRequest(NULL, Object(Config\Cache), false)
#9 C:\htdocs\ecommerce\public\index.php(67): CodeIgniter\CodeIgniter->run()
#10 {main}
CRITICAL - 2024-11-24 11:38:28 --> Unable to connect to the database.
Main connection [MySQLi]: Access denied for user '****'@'localhost' (using password: YES)
in SYSTEMPATH\Database\BaseConnection.php on line 418.
 1 SYSTEMPATH\Database\BaseConnection.php(588): CodeIgniter\Database\BaseConnection->initialize()
 2 SYSTEMPATH\Database\BaseBuilder.php(1585): CodeIgniter\Database\BaseConnection->query('SELECT `personas`.*, `generos`.`nombre` as `genero`
FROM `personas`
JOIN `generos` ON `generos`.`id` = `personas`.`genero_id`', [], false)
 3 SYSTEMPATH\Model.php(771): CodeIgniter\Database\BaseBuilder->get()
 4 APPPATH\Models\PersonaModel.php(16): CodeIgniter\Model->__call('get', [])
 5 APPPATH\Controllers\Personas.php(16): App\Models\PersonaModel->all()
 6 SYSTEMPATH\CodeIgniter.php(898): App\Controllers\Personas->index()
 7 SYSTEMPATH\CodeIgniter.php(457): CodeIgniter\CodeIgniter->runController(Object(App\Controllers\Personas))
 8 SYSTEMPATH\CodeIgniter.php(340): CodeIgniter\CodeIgniter->handleRequest(null, Object(Config\Cache), false)
 9 FCPATH\index.php(67): CodeIgniter\CodeIgniter->run()
ERROR - 2024-11-24 11:38:45 --> mysqli_sql_exception: Table 'ecommerce.personas' doesn't exist in C:\htdocs\ecommerce\system\Database\MySQLi\Connection.php:292
Stack trace:
#0 C:\htdocs\ecommerce\system\Database\MySQLi\Connection.php(292): mysqli->query('SELECT `persona...', 0)
#1 C:\htdocs\ecommerce\system\Database\BaseConnection.php(693): CodeIgniter\Database\MySQLi\Connection->execute('SELECT `persona...')
#2 C:\htdocs\ecommerce\system\Database\BaseConnection.php(620): CodeIgniter\Database\BaseConnection->simpleQuery('SELECT `persona...')
#3 C:\htdocs\ecommerce\system\Database\BaseBuilder.php(1585): CodeIgniter\Database\BaseConnection->query('SELECT `persona...', Array, false)
#4 C:\htdocs\ecommerce\system\Model.php(771): CodeIgniter\Database\BaseBuilder->get()
#5 C:\htdocs\ecommerce\app\Models\PersonaModel.php(16): CodeIgniter\Model->__call('get', Array)
#6 C:\htdocs\ecommerce\app\Controllers\Personas.php(16): App\Models\PersonaModel->all()
#7 C:\htdocs\ecommerce\system\CodeIgniter.php(898): App\Controllers\Personas->index()
#8 C:\htdocs\ecommerce\system\CodeIgniter.php(457): CodeIgniter\CodeIgniter->runController(Object(App\Controllers\Personas))
#9 C:\htdocs\ecommerce\system\CodeIgniter.php(340): CodeIgniter\CodeIgniter->handleRequest(NULL, Object(Config\Cache), false)
#10 C:\htdocs\ecommerce\public\index.php(67): CodeIgniter\CodeIgniter->run()
#11 {main}
CRITICAL - 2024-11-24 11:38:45 --> Table 'ecommerce.personas' doesn't exist
in SYSTEMPATH\Database\MySQLi\Connection.php on line 292.
 1 SYSTEMPATH\Database\MySQLi\Connection.php(292): mysqli->query('SELECT `personas`.*, `generos`.`nombre` as `genero`
FROM `personas`
JOIN `generos` ON `generos`.`id` = `personas`.`genero_id`', 0)
 2 SYSTEMPATH\Database\BaseConnection.php(693): CodeIgniter\Database\MySQLi\Connection->execute('SELECT `personas`.*, `generos`.`nombre` as `genero`
FROM `personas`
JOIN `generos` ON `generos`.`id` = `personas`.`genero_id`')
 3 SYSTEMPATH\Database\BaseConnection.php(620): CodeIgniter\Database\BaseConnection->simpleQuery('SELECT `personas`.*, `generos`.`nombre` as `genero`
FROM `personas`
JOIN `generos` ON `generos`.`id` = `personas`.`genero_id`')
 4 SYSTEMPATH\Database\BaseBuilder.php(1585): CodeIgniter\Database\BaseConnection->query('SELECT `personas`.*, `generos`.`nombre` as `genero`
FROM `personas`
JOIN `generos` ON `generos`.`id` = `personas`.`genero_id`', [], false)
 5 SYSTEMPATH\Model.php(771): CodeIgniter\Database\BaseBuilder->get()
 6 APPPATH\Models\PersonaModel.php(16): CodeIgniter\Model->__call('get', [])
 7 APPPATH\Controllers\Personas.php(16): App\Models\PersonaModel->all()
 8 SYSTEMPATH\CodeIgniter.php(898): App\Controllers\Personas->index()
 9 SYSTEMPATH\CodeIgniter.php(457): CodeIgniter\CodeIgniter->runController(Object(App\Controllers\Personas))
10 SYSTEMPATH\CodeIgniter.php(340): CodeIgniter\CodeIgniter->handleRequest(null, Object(Config\Cache), false)
11 FCPATH\index.php(67): CodeIgniter\CodeIgniter->run()
ERROR - 2024-11-24 12:20:46 --> mysqli_sql_exception: Table 'ecommerce.personas' doesn't exist in C:\htdocs\ecommerce\system\Database\MySQLi\Connection.php:292
Stack trace:
#0 C:\htdocs\ecommerce\system\Database\MySQLi\Connection.php(292): mysqli->query('SELECT `persona...', 0)
#1 C:\htdocs\ecommerce\system\Database\BaseConnection.php(693): CodeIgniter\Database\MySQLi\Connection->execute('SELECT `persona...')
#2 C:\htdocs\ecommerce\system\Database\BaseConnection.php(620): CodeIgniter\Database\BaseConnection->simpleQuery('SELECT `persona...')
#3 C:\htdocs\ecommerce\system\Database\BaseBuilder.php(1585): CodeIgniter\Database\BaseConnection->query('SELECT `persona...', Array, false)
#4 C:\htdocs\ecommerce\system\Model.php(771): CodeIgniter\Database\BaseBuilder->get()
#5 C:\htdocs\ecommerce\app\Models\PersonaModel.php(16): CodeIgniter\Model->__call('get', Array)
#6 C:\htdocs\ecommerce\app\Controllers\Personas.php(16): App\Models\PersonaModel->all()
#7 C:\htdocs\ecommerce\system\CodeIgniter.php(898): App\Controllers\Personas->index()
#8 C:\htdocs\ecommerce\system\CodeIgniter.php(457): CodeIgniter\CodeIgniter->runController(Object(App\Controllers\Personas))
#9 C:\htdocs\ecommerce\system\CodeIgniter.php(340): CodeIgniter\CodeIgniter->handleRequest(NULL, Object(Config\Cache), false)
#10 C:\htdocs\ecommerce\public\index.php(67): CodeIgniter\CodeIgniter->run()
#11 {main}
CRITICAL - 2024-11-24 12:20:46 --> Table 'ecommerce.personas' doesn't exist
in SYSTEMPATH\Database\MySQLi\Connection.php on line 292.
 1 SYSTEMPATH\Database\MySQLi\Connection.php(292): mysqli->query('SELECT `personas`.*, `generos`.`nombre` as `genero`
FROM `personas`
JOIN `generos` ON `generos`.`id` = `personas`.`genero_id`', 0)
 2 SYSTEMPATH\Database\BaseConnection.php(693): CodeIgniter\Database\MySQLi\Connection->execute('SELECT `personas`.*, `generos`.`nombre` as `genero`
FROM `personas`
JOIN `generos` ON `generos`.`id` = `personas`.`genero_id`')
 3 SYSTEMPATH\Database\BaseConnection.php(620): CodeIgniter\Database\BaseConnection->simpleQuery('SELECT `personas`.*, `generos`.`nombre` as `genero`
FROM `personas`
JOIN `generos` ON `generos`.`id` = `personas`.`genero_id`')
 4 SYSTEMPATH\Database\BaseBuilder.php(1585): CodeIgniter\Database\BaseConnection->query('SELECT `personas`.*, `generos`.`nombre` as `genero`
FROM `personas`
JOIN `generos` ON `generos`.`id` = `personas`.`genero_id`', [], false)
 5 SYSTEMPATH\Model.php(771): CodeIgniter\Database\BaseBuilder->get()
 6 APPPATH\Models\PersonaModel.php(16): CodeIgniter\Model->__call('get', [])
 7 APPPATH\Controllers\Personas.php(16): App\Models\PersonaModel->all()
 8 SYSTEMPATH\CodeIgniter.php(898): App\Controllers\Personas->index()
 9 SYSTEMPATH\CodeIgniter.php(457): CodeIgniter\CodeIgniter->runController(Object(App\Controllers\Personas))
10 SYSTEMPATH\CodeIgniter.php(340): CodeIgniter\CodeIgniter->handleRequest(null, Object(Config\Cache), false)
11 FCPATH\index.php(67): CodeIgniter\CodeIgniter->run()
ERROR - 2024-11-24 12:29:56 --> mysqli_sql_exception: Table 'ecommerce.product_categories' doesn't exist in C:\htdocs\ecommerce\system\Database\MySQLi\Connection.php:292
Stack trace:
#0 C:\htdocs\ecommerce\system\Database\MySQLi\Connection.php(292): mysqli->query('SELECT `product...', 0)
#1 C:\htdocs\ecommerce\system\Database\BaseConnection.php(693): CodeIgniter\Database\MySQLi\Connection->execute('SELECT `product...')
#2 C:\htdocs\ecommerce\system\Database\BaseConnection.php(620): CodeIgniter\Database\BaseConnection->simpleQuery('SELECT `product...')
#3 C:\htdocs\ecommerce\system\Database\BaseBuilder.php(1585): CodeIgniter\Database\BaseConnection->query('SELECT `product...', Array, false)
#4 C:\htdocs\ecommerce\system\Model.php(771): CodeIgniter\Database\BaseBuilder->get()
#5 C:\htdocs\ecommerce\app\Models\ProductCategoryModel.php(15): CodeIgniter\Model->__call('get', Array)
#6 C:\htdocs\ecommerce\app\Controllers\ProductCategories.php(16): App\Models\ProductCategoryModel->all()
#7 C:\htdocs\ecommerce\system\CodeIgniter.php(898): App\Controllers\ProductCategories->index()
#8 C:\htdocs\ecommerce\system\CodeIgniter.php(457): CodeIgniter\CodeIgniter->runController(Object(App\Controllers\ProductCategories))
#9 C:\htdocs\ecommerce\system\CodeIgniter.php(340): CodeIgniter\CodeIgniter->handleRequest(NULL, Object(Config\Cache), false)
#10 C:\htdocs\ecommerce\public\index.php(67): CodeIgniter\CodeIgniter->run()
#11 {main}
CRITICAL - 2024-11-24 12:29:56 --> Table 'ecommerce.product_categories' doesn't exist
in SYSTEMPATH\Database\MySQLi\Connection.php on line 292.
 1 SYSTEMPATH\Database\MySQLi\Connection.php(292): mysqli->query('SELECT `product_categories`.*
FROM `product_categories`', 0)
 2 SYSTEMPATH\Database\BaseConnection.php(693): CodeIgniter\Database\MySQLi\Connection->execute('SELECT `product_categories`.*
FROM `product_categories`')
 3 SYSTEMPATH\Database\BaseConnection.php(620): CodeIgniter\Database\BaseConnection->simpleQuery('SELECT `product_categories`.*
FROM `product_categories`')
 4 SYSTEMPATH\Database\BaseBuilder.php(1585): CodeIgniter\Database\BaseConnection->query('SELECT `product_categories`.*
FROM `product_categories`', [], false)
 5 SYSTEMPATH\Model.php(771): CodeIgniter\Database\BaseBuilder->get()
 6 APPPATH\Models\ProductCategoryModel.php(15): CodeIgniter\Model->__call('get', [])
 7 APPPATH\Controllers\ProductCategories.php(16): App\Models\ProductCategoryModel->all()
 8 SYSTEMPATH\CodeIgniter.php(898): App\Controllers\ProductCategories->index()
 9 SYSTEMPATH\CodeIgniter.php(457): CodeIgniter\CodeIgniter->runController(Object(App\Controllers\ProductCategories))
10 SYSTEMPATH\CodeIgniter.php(340): CodeIgniter\CodeIgniter->handleRequest(null, Object(Config\Cache), false)
11 FCPATH\index.php(67): CodeIgniter\CodeIgniter->run()
ERROR - 2024-11-24 12:38:32 --> mysqli_sql_exception: Unknown column 'id_product_category' in 'where clause' in C:\htdocs\ecommerce\system\Database\MySQLi\Connection.php:292
Stack trace:
#0 C:\htdocs\ecommerce\system\Database\MySQLi\Connection.php(292): mysqli->query('SELECT *\nFROM `...', 0)
#1 C:\htdocs\ecommerce\system\Database\BaseConnection.php(693): CodeIgniter\Database\MySQLi\Connection->execute('SELECT *\nFROM `...')
#2 C:\htdocs\ecommerce\system\Database\BaseConnection.php(620): CodeIgniter\Database\BaseConnection->simpleQuery('SELECT *\nFROM `...')
#3 C:\htdocs\ecommerce\system\Database\BaseBuilder.php(1718): CodeIgniter\Database\BaseConnection->query('SELECT *\nFROM `...', Array, false)
#4 C:\htdocs\ecommerce\system\Model.php(771): CodeIgniter\Database\BaseBuilder->getWhere(Array)
#5 C:\htdocs\ecommerce\app\Models\ProductCategoryModel.php(26): CodeIgniter\Model->__call('getWhere', Array)
#6 C:\htdocs\ecommerce\app\Controllers\ProductCategories.php(83): App\Models\ProductCategoryModel->getOne('1')
#7 C:\htdocs\ecommerce\system\CodeIgniter.php(898): App\Controllers\ProductCategories->show('1')
#8 C:\htdocs\ecommerce\system\CodeIgniter.php(457): CodeIgniter\CodeIgniter->runController(Object(App\Controllers\ProductCategories))
#9 C:\htdocs\ecommerce\system\CodeIgniter.php(340): CodeIgniter\CodeIgniter->handleRequest(NULL, Object(Config\Cache), false)
#10 C:\htdocs\ecommerce\public\index.php(67): CodeIgniter\CodeIgniter->run()
#11 {main}
CRITICAL - 2024-11-24 12:38:32 --> Unknown column 'id_product_category' in 'where clause'
in SYSTEMPATH\Database\MySQLi\Connection.php on line 292.
 1 SYSTEMPATH\Database\MySQLi\Connection.php(292): mysqli->query('SELECT *
FROM `product_categories`
WHERE `id_product_category` = \'1\'', 0)
 2 SYSTEMPATH\Database\BaseConnection.php(693): CodeIgniter\Database\MySQLi\Connection->execute('SELECT *
FROM `product_categories`
WHERE `id_product_category` = \'1\'')
 3 SYSTEMPATH\Database\BaseConnection.php(620): CodeIgniter\Database\BaseConnection->simpleQuery('SELECT *
FROM `product_categories`
WHERE `id_product_category` = \'1\'')
 4 SYSTEMPATH\Database\BaseBuilder.php(1718): CodeIgniter\Database\BaseConnection->query('SELECT *
FROM `product_categories`
WHERE `id_product_category` = :id_product_category:', [...], false)
 5 SYSTEMPATH\Model.php(771): CodeIgniter\Database\BaseBuilder->getWhere([...])
 6 APPPATH\Models\ProductCategoryModel.php(26): CodeIgniter\Model->__call('getWhere', [...])
 7 APPPATH\Controllers\ProductCategories.php(83): App\Models\ProductCategoryModel->getOne('1')
 8 SYSTEMPATH\CodeIgniter.php(898): App\Controllers\ProductCategories->show('1')
 9 SYSTEMPATH\CodeIgniter.php(457): CodeIgniter\CodeIgniter->runController(Object(App\Controllers\ProductCategories))
10 SYSTEMPATH\CodeIgniter.php(340): CodeIgniter\CodeIgniter->handleRequest(null, Object(Config\Cache), false)
11 FCPATH\index.php(67): CodeIgniter\CodeIgniter->run()
ERROR - 2024-11-24 12:38:46 --> mysqli_sql_exception: Unknown column 'id_product_category' in 'where clause' in C:\htdocs\ecommerce\system\Database\MySQLi\Connection.php:292
Stack trace:
#0 C:\htdocs\ecommerce\system\Database\MySQLi\Connection.php(292): mysqli->query('SELECT *\nFROM `...', 0)
#1 C:\htdocs\ecommerce\system\Database\BaseConnection.php(693): CodeIgniter\Database\MySQLi\Connection->execute('SELECT *\nFROM `...')
#2 C:\htdocs\ecommerce\system\Database\BaseConnection.php(620): CodeIgniter\Database\BaseConnection->simpleQuery('SELECT *\nFROM `...')
#3 C:\htdocs\ecommerce\system\Database\BaseBuilder.php(1718): CodeIgniter\Database\BaseConnection->query('SELECT *\nFROM `...', Array, false)
#4 C:\htdocs\ecommerce\system\Model.php(771): CodeIgniter\Database\BaseBuilder->getWhere(Array)
#5 C:\htdocs\ecommerce\app\Models\ProductCategoryModel.php(26): CodeIgniter\Model->__call('getWhere', Array)
#6 C:\htdocs\ecommerce\app\Controllers\ProductCategories.php(83): App\Models\ProductCategoryModel->getOne('1')
#7 C:\htdocs\ecommerce\system\CodeIgniter.php(898): App\Controllers\ProductCategories->show('1')
#8 C:\htdocs\ecommerce\system\CodeIgniter.php(457): CodeIgniter\CodeIgniter->runController(Object(App\Controllers\ProductCategories))
#9 C:\htdocs\ecommerce\system\CodeIgniter.php(340): CodeIgniter\CodeIgniter->handleRequest(NULL, Object(Config\Cache), false)
#10 C:\htdocs\ecommerce\public\index.php(67): CodeIgniter\CodeIgniter->run()
#11 {main}
CRITICAL - 2024-11-24 12:38:46 --> Unknown column 'id_product_category' in 'where clause'
in SYSTEMPATH\Database\MySQLi\Connection.php on line 292.
 1 SYSTEMPATH\Database\MySQLi\Connection.php(292): mysqli->query('SELECT *
FROM `product_categories`
WHERE `id_product_category` = \'1\'', 0)
 2 SYSTEMPATH\Database\BaseConnection.php(693): CodeIgniter\Database\MySQLi\Connection->execute('SELECT *
FROM `product_categories`
WHERE `id_product_category` = \'1\'')
 3 SYSTEMPATH\Database\BaseConnection.php(620): CodeIgniter\Database\BaseConnection->simpleQuery('SELECT *
FROM `product_categories`
WHERE `id_product_category` = \'1\'')
 4 SYSTEMPATH\Database\BaseBuilder.php(1718): CodeIgniter\Database\BaseConnection->query('SELECT *
FROM `product_categories`
WHERE `id_product_category` = :id_product_category:', [...], false)
 5 SYSTEMPATH\Model.php(771): CodeIgniter\Database\BaseBuilder->getWhere([...])
 6 APPPATH\Models\ProductCategoryModel.php(26): CodeIgniter\Model->__call('getWhere', [...])
 7 APPPATH\Controllers\ProductCategories.php(83): App\Models\ProductCategoryModel->getOne('1')
 8 SYSTEMPATH\CodeIgniter.php(898): App\Controllers\ProductCategories->show('1')
 9 SYSTEMPATH\CodeIgniter.php(457): CodeIgniter\CodeIgniter->runController(Object(App\Controllers\ProductCategories))
10 SYSTEMPATH\CodeIgniter.php(340): CodeIgniter\CodeIgniter->handleRequest(null, Object(Config\Cache), false)
11 FCPATH\index.php(67): CodeIgniter\CodeIgniter->run()
CRITICAL - 2024-11-24 16:07:16 --> Undefined variable $table
in APPPATH\Models\ProductCategoryModel.php on line 14.
 1 APPPATH\Models\ProductCategoryModel.php(14): CodeIgniter\Debug\Exceptions->errorHandler(2, 'Undefined variable $table', 'APPPATH\\Models\\ProductCategoryModel.php', 14)
 2 APPPATH\Controllers\ProductCategories.php(16): App\Models\ProductCategoryModel->all()
 3 SYSTEMPATH\CodeIgniter.php(898): App\Controllers\ProductCategories->index()
 4 SYSTEMPATH\CodeIgniter.php(457): CodeIgniter\CodeIgniter->runController(Object(App\Controllers\ProductCategories))
 5 SYSTEMPATH\CodeIgniter.php(340): CodeIgniter\CodeIgniter->handleRequest(null, Object(Config\Cache), false)
 6 FCPATH\index.php(67): CodeIgniter\CodeIgniter->run()
CRITICAL - 2024-11-24 16:07:24 --> Undefined variable $table
in APPPATH\Models\ProductCategoryModel.php on line 14.
 1 APPPATH\Models\ProductCategoryModel.php(14): CodeIgniter\Debug\Exceptions->errorHandler(2, 'Undefined variable $table', 'APPPATH\\Models\\ProductCategoryModel.php', 14)
 2 APPPATH\Controllers\ProductCategories.php(16): App\Models\ProductCategoryModel->all()
 3 SYSTEMPATH\CodeIgniter.php(898): App\Controllers\ProductCategories->index()
 4 SYSTEMPATH\CodeIgniter.php(457): CodeIgniter\CodeIgniter->runController(Object(App\Controllers\ProductCategories))
 5 SYSTEMPATH\CodeIgniter.php(340): CodeIgniter\CodeIgniter->handleRequest(null, Object(Config\Cache), false)
 6 FCPATH\index.php(67): CodeIgniter\CodeIgniter->run()
ERROR - 2024-11-24 20:28:05 --> mysqli_sql_exception: Cannot delete or update a parent row: a foreign key constraint fails (`ecommerce`.`products`, CONSTRAINT `fk_products_categories_category_id` FOREIGN KEY (`category_id`) REFERENCES `product_categories` (`id`)) in C:\htdocs\ecommerce\system\Database\MySQLi\Connection.php:292
Stack trace:
#0 C:\htdocs\ecommerce\system\Database\MySQLi\Connection.php(292): mysqli->query('DELETE FROM `pr...', 0)
#1 C:\htdocs\ecommerce\system\Database\BaseConnection.php(693): CodeIgniter\Database\MySQLi\Connection->execute('DELETE FROM `pr...')
#2 C:\htdocs\ecommerce\system\Database\BaseConnection.php(620): CodeIgniter\Database\BaseConnection->simpleQuery('DELETE FROM `pr...')
#3 C:\htdocs\ecommerce\system\Database\BaseBuilder.php(2390): CodeIgniter\Database\BaseConnection->query('DELETE FROM `pr...', Array, false)
#4 C:\htdocs\ecommerce\system\Model.php(400): CodeIgniter\Database\BaseBuilder->delete()
#5 C:\htdocs\ecommerce\system\BaseModel.php(963): CodeIgniter\Model->doDelete(Array, false)
#6 C:\htdocs\ecommerce\app\Controllers\ProductCategories.php(65): CodeIgniter\BaseModel->delete(Array)
#7 C:\htdocs\ecommerce\system\CodeIgniter.php(898): App\Controllers\ProductCategories->delete('1')
#8 C:\htdocs\ecommerce\system\CodeIgniter.php(457): CodeIgniter\CodeIgniter->runController(Object(App\Controllers\ProductCategories))
#9 C:\htdocs\ecommerce\system\CodeIgniter.php(340): CodeIgniter\CodeIgniter->handleRequest(NULL, Object(Config\Cache), false)
#10 C:\htdocs\ecommerce\public\index.php(67): CodeIgniter\CodeIgniter->run()
#11 {main}
CRITICAL - 2024-11-24 20:28:05 --> Cannot delete or update a parent row: a foreign key constraint fails (`ecommerce`.`products`, CONSTRAINT `fk_products_categories_category_id` FOREIGN KEY (`category_id`) REFERENCES `product_categories` (`id`))
in SYSTEMPATH\Database\MySQLi\Connection.php on line 292.
 1 SYSTEMPATH\Database\MySQLi\Connection.php(292): mysqli->query('DELETE FROM `product_categories`
WHERE `id` IN (\'1\')', 0)
 2 SYSTEMPATH\Database\BaseConnection.php(693): CodeIgniter\Database\MySQLi\Connection->execute('DELETE FROM `product_categories`
WHERE `id` IN (\'1\')')
 3 SYSTEMPATH\Database\BaseConnection.php(620): CodeIgniter\Database\BaseConnection->simpleQuery('DELETE FROM `product_categories`
WHERE `id` IN (\'1\')')
 4 SYSTEMPATH\Database\BaseBuilder.php(2390): CodeIgniter\Database\BaseConnection->query('DELETE FROM `product_categories`
WHERE `id` IN :id:', [...], false)
 5 SYSTEMPATH\Model.php(400): CodeIgniter\Database\BaseBuilder->delete()
 6 SYSTEMPATH\BaseModel.php(963): CodeIgniter\Model->doDelete([...], false)
 7 APPPATH\Controllers\ProductCategories.php(65): CodeIgniter\BaseModel->delete([...])
 8 SYSTEMPATH\CodeIgniter.php(898): App\Controllers\ProductCategories->delete('1')
 9 SYSTEMPATH\CodeIgniter.php(457): CodeIgniter\CodeIgniter->runController(Object(App\Controllers\ProductCategories))
10 SYSTEMPATH\CodeIgniter.php(340): CodeIgniter\CodeIgniter->handleRequest(null, Object(Config\Cache), false)
11 FCPATH\index.php(67): CodeIgniter\CodeIgniter->run()
ERROR - 2024-11-24 22:36:18 --> mysqli_sql_exception: Cannot delete or update a parent row: a foreign key constraint fails (`ecommerce`.`products`, CONSTRAINT `fk_products_categories_category_id` FOREIGN KEY (`category_id`) REFERENCES `product_categories` (`id`)) in C:\htdocs\ecommerce\system\Database\MySQLi\Connection.php:292
Stack trace:
#0 C:\htdocs\ecommerce\system\Database\MySQLi\Connection.php(292): mysqli->query('DELETE FROM `pr...', 0)
#1 C:\htdocs\ecommerce\system\Database\BaseConnection.php(693): CodeIgniter\Database\MySQLi\Connection->execute('DELETE FROM `pr...')
#2 C:\htdocs\ecommerce\system\Database\BaseConnection.php(620): CodeIgniter\Database\BaseConnection->simpleQuery('DELETE FROM `pr...')
#3 C:\htdocs\ecommerce\system\Database\BaseBuilder.php(2390): CodeIgniter\Database\BaseConnection->query('DELETE FROM `pr...', Array, false)
#4 C:\htdocs\ecommerce\system\Model.php(400): CodeIgniter\Database\BaseBuilder->delete()
#5 C:\htdocs\ecommerce\system\BaseModel.php(963): CodeIgniter\Model->doDelete(Array, false)
#6 C:\htdocs\ecommerce\app\Controllers\ProductCategories.php(65): CodeIgniter\BaseModel->delete(Array)
#7 C:\htdocs\ecommerce\system\CodeIgniter.php(898): App\Controllers\ProductCategories->delete('1')
#8 C:\htdocs\ecommerce\system\CodeIgniter.php(457): CodeIgniter\CodeIgniter->runController(Object(App\Controllers\ProductCategories))
#9 C:\htdocs\ecommerce\system\CodeIgniter.php(340): CodeIgniter\CodeIgniter->handleRequest(NULL, Object(Config\Cache), false)
#10 C:\htdocs\ecommerce\public\index.php(67): CodeIgniter\CodeIgniter->run()
#11 {main}
ERROR - 2024-11-24 22:36:18 --> mysqli_sql_exception: Cannot delete or update a parent row: a foreign key constraint fails (`ecommerce`.`products`, CONSTRAINT `fk_products_categories_category_id` FOREIGN KEY (`category_id`) REFERENCES `product_categories` (`id`)) in C:\htdocs\ecommerce\system\Database\MySQLi\Connection.php:292
Stack trace:
#0 C:\htdocs\ecommerce\system\Database\MySQLi\Connection.php(292): mysqli->query('DELETE FROM `pr...', 0)
#1 C:\htdocs\ecommerce\system\Database\BaseConnection.php(693): CodeIgniter\Database\MySQLi\Connection->execute('DELETE FROM `pr...')
#2 C:\htdocs\ecommerce\system\Database\BaseConnection.php(620): CodeIgniter\Database\BaseConnection->simpleQuery('DELETE FROM `pr...')
#3 C:\htdocs\ecommerce\system\Database\BaseBuilder.php(2390): CodeIgniter\Database\BaseConnection->query('DELETE FROM `pr...', Array, false)
#4 C:\htdocs\ecommerce\system\Model.php(400): CodeIgniter\Database\BaseBuilder->delete()
#5 C:\htdocs\ecommerce\system\BaseModel.php(963): CodeIgniter\Model->doDelete(Array, false)
#6 C:\htdocs\ecommerce\app\Controllers\ProductCategories.php(65): CodeIgniter\BaseModel->delete(Array)
#7 C:\htdocs\ecommerce\system\CodeIgniter.php(898): App\Controllers\ProductCategories->delete('1')
#8 C:\htdocs\ecommerce\system\CodeIgniter.php(457): CodeIgniter\CodeIgniter->runController(Object(App\Controllers\ProductCategories))
#9 C:\htdocs\ecommerce\system\CodeIgniter.php(340): CodeIgniter\CodeIgniter->handleRequest(NULL, Object(Config\Cache), false)
#10 C:\htdocs\ecommerce\public\index.php(67): CodeIgniter\CodeIgniter->run()
#11 {main}
ERROR - 2024-11-24 22:36:18 --> mysqli_sql_exception: Cannot delete or update a parent row: a foreign key constraint fails (`ecommerce`.`products`, CONSTRAINT `fk_products_categories_category_id` FOREIGN KEY (`category_id`) REFERENCES `product_categories` (`id`)) in C:\htdocs\ecommerce\system\Database\MySQLi\Connection.php:292
Stack trace:
#0 C:\htdocs\ecommerce\system\Database\MySQLi\Connection.php(292): mysqli->query('DELETE FROM `pr...', 0)
#1 C:\htdocs\ecommerce\system\Database\BaseConnection.php(693): CodeIgniter\Database\MySQLi\Connection->execute('DELETE FROM `pr...')
#2 C:\htdocs\ecommerce\system\Database\BaseConnection.php(620): CodeIgniter\Database\BaseConnection->simpleQuery('DELETE FROM `pr...')
#3 C:\htdocs\ecommerce\system\Database\BaseBuilder.php(2390): CodeIgniter\Database\BaseConnection->query('DELETE FROM `pr...', Array, false)
#4 C:\htdocs\ecommerce\system\Model.php(400): CodeIgniter\Database\BaseBuilder->delete()
#5 C:\htdocs\ecommerce\system\BaseModel.php(963): CodeIgniter\Model->doDelete(Array, false)
#6 C:\htdocs\ecommerce\app\Controllers\ProductCategories.php(65): CodeIgniter\BaseModel->delete(Array)
#7 C:\htdocs\ecommerce\system\CodeIgniter.php(898): App\Controllers\ProductCategories->delete('1')
#8 C:\htdocs\ecommerce\system\CodeIgniter.php(457): CodeIgniter\CodeIgniter->runController(Object(App\Controllers\ProductCategories))
#9 C:\htdocs\ecommerce\system\CodeIgniter.php(340): CodeIgniter\CodeIgniter->handleRequest(NULL, Object(Config\Cache), false)
#10 C:\htdocs\ecommerce\public\index.php(67): CodeIgniter\CodeIgniter->run()
#11 {main}
ERROR - 2024-11-24 22:36:18 --> mysqli_sql_exception: Cannot delete or update a parent row: a foreign key constraint fails (`ecommerce`.`products`, CONSTRAINT `fk_products_categories_category_id` FOREIGN KEY (`category_id`) REFERENCES `product_categories` (`id`)) in C:\htdocs\ecommerce\system\Database\MySQLi\Connection.php:292
Stack trace:
#0 C:\htdocs\ecommerce\system\Database\MySQLi\Connection.php(292): mysqli->query('DELETE FROM `pr...', 0)
#1 C:\htdocs\ecommerce\system\Database\BaseConnection.php(693): CodeIgniter\Database\MySQLi\Connection->execute('DELETE FROM `pr...')
#2 C:\htdocs\ecommerce\system\Database\BaseConnection.php(620): CodeIgniter\Database\BaseConnection->simpleQuery('DELETE FROM `pr...')
#3 C:\htdocs\ecommerce\system\Database\BaseBuilder.php(2390): CodeIgniter\Database\BaseConnection->query('DELETE FROM `pr...', Array, false)
#4 C:\htdocs\ecommerce\system\Model.php(400): CodeIgniter\Database\BaseBuilder->delete()
#5 C:\htdocs\ecommerce\system\BaseModel.php(963): CodeIgniter\Model->doDelete(Array, false)
#6 C:\htdocs\ecommerce\app\Controllers\ProductCategories.php(65): CodeIgniter\BaseModel->delete(Array)
#7 C:\htdocs\ecommerce\system\CodeIgniter.php(898): App\Controllers\ProductCategories->delete('1')
#8 C:\htdocs\ecommerce\system\CodeIgniter.php(457): CodeIgniter\CodeIgniter->runController(Object(App\Controllers\ProductCategories))
#9 C:\htdocs\ecommerce\system\CodeIgniter.php(340): CodeIgniter\CodeIgniter->handleRequest(NULL, Object(Config\Cache), false)
#10 C:\htdocs\ecommerce\public\index.php(67): CodeIgniter\CodeIgniter->run()
#11 {main}
CRITICAL - 2024-11-24 22:36:18 --> Cannot delete or update a parent row: a foreign key constraint fails (`ecommerce`.`products`, CONSTRAINT `fk_products_categories_category_id` FOREIGN KEY (`category_id`) REFERENCES `product_categories` (`id`))
in SYSTEMPATH\Database\MySQLi\Connection.php on line 292.
 1 SYSTEMPATH\Database\MySQLi\Connection.php(292): mysqli->query('DELETE FROM `product_categories`
WHERE `id` IN (\'1\')', 0)
 2 SYSTEMPATH\Database\BaseConnection.php(693): CodeIgniter\Database\MySQLi\Connection->execute('DELETE FROM `product_categories`
WHERE `id` IN (\'1\')')
 3 SYSTEMPATH\Database\BaseConnection.php(620): CodeIgniter\Database\BaseConnection->simpleQuery('DELETE FROM `product_categories`
WHERE `id` IN (\'1\')')
 4 SYSTEMPATH\Database\BaseBuilder.php(2390): CodeIgniter\Database\BaseConnection->query('DELETE FROM `product_categories`
WHERE `id` IN :id:', [...], false)
 5 SYSTEMPATH\Model.php(400): CodeIgniter\Database\BaseBuilder->delete()
 6 SYSTEMPATH\BaseModel.php(963): CodeIgniter\Model->doDelete([...], false)
 7 APPPATH\Controllers\ProductCategories.php(65): CodeIgniter\BaseModel->delete([...])
 8 SYSTEMPATH\CodeIgniter.php(898): App\Controllers\ProductCategories->delete('1')
 9 SYSTEMPATH\CodeIgniter.php(457): CodeIgniter\CodeIgniter->runController(Object(App\Controllers\ProductCategories))
10 SYSTEMPATH\CodeIgniter.php(340): CodeIgniter\CodeIgniter->handleRequest(null, Object(Config\Cache), false)
11 FCPATH\index.php(67): CodeIgniter\CodeIgniter->run()
CRITICAL - 2024-11-24 22:36:18 --> Cannot delete or update a parent row: a foreign key constraint fails (`ecommerce`.`products`, CONSTRAINT `fk_products_categories_category_id` FOREIGN KEY (`category_id`) REFERENCES `product_categories` (`id`))
in SYSTEMPATH\Database\MySQLi\Connection.php on line 292.
 1 SYSTEMPATH\Database\MySQLi\Connection.php(292): mysqli->query('DELETE FROM `product_categories`
WHERE `id` IN (\'1\')', 0)
 2 SYSTEMPATH\Database\BaseConnection.php(693): CodeIgniter\Database\MySQLi\Connection->execute('DELETE FROM `product_categories`
WHERE `id` IN (\'1\')')
 3 SYSTEMPATH\Database\BaseConnection.php(620): CodeIgniter\Database\BaseConnection->simpleQuery('DELETE FROM `product_categories`
WHERE `id` IN (\'1\')')
 4 SYSTEMPATH\Database\BaseBuilder.php(2390): CodeIgniter\Database\BaseConnection->query('DELETE FROM `product_categories`
WHERE `id` IN :id:', [...], false)
 5 SYSTEMPATH\Model.php(400): CodeIgniter\Database\BaseBuilder->delete()
 6 SYSTEMPATH\BaseModel.php(963): CodeIgniter\Model->doDelete([...], false)
 7 APPPATH\Controllers\ProductCategories.php(65): CodeIgniter\BaseModel->delete([...])
 8 SYSTEMPATH\CodeIgniter.php(898): App\Controllers\ProductCategories->delete('1')
 9 SYSTEMPATH\CodeIgniter.php(457): CodeIgniter\CodeIgniter->runController(Object(App\Controllers\ProductCategories))
10 SYSTEMPATH\CodeIgniter.php(340): CodeIgniter\CodeIgniter->handleRequest(null, Object(Config\Cache), false)
11 FCPATH\index.php(67): CodeIgniter\CodeIgniter->run()
CRITICAL - 2024-11-24 22:36:18 --> Cannot delete or update a parent row: a foreign key constraint fails (`ecommerce`.`products`, CONSTRAINT `fk_products_categories_category_id` FOREIGN KEY (`category_id`) REFERENCES `product_categories` (`id`))
in SYSTEMPATH\Database\MySQLi\Connection.php on line 292.
 1 SYSTEMPATH\Database\MySQLi\Connection.php(292): mysqli->query('DELETE FROM `product_categories`
WHERE `id` IN (\'1\')', 0)
 2 SYSTEMPATH\Database\BaseConnection.php(693): CodeIgniter\Database\MySQLi\Connection->execute('DELETE FROM `product_categories`
WHERE `id` IN (\'1\')')
 3 SYSTEMPATH\Database\BaseConnection.php(620): CodeIgniter\Database\BaseConnection->simpleQuery('DELETE FROM `product_categories`
WHERE `id` IN (\'1\')')
 4 SYSTEMPATH\Database\BaseBuilder.php(2390): CodeIgniter\Database\BaseConnection->query('DELETE FROM `product_categories`
WHERE `id` IN :id:', [...], false)
 5 SYSTEMPATH\Model.php(400): CodeIgniter\Database\BaseBuilder->delete()
 6 SYSTEMPATH\BaseModel.php(963): CodeIgniter\Model->doDelete([...], false)
 7 APPPATH\Controllers\ProductCategories.php(65): CodeIgniter\BaseModel->delete([...])
 8 SYSTEMPATH\CodeIgniter.php(898): App\Controllers\ProductCategories->delete('1')
 9 SYSTEMPATH\CodeIgniter.php(457): CodeIgniter\CodeIgniter->runController(Object(App\Controllers\ProductCategories))
10 SYSTEMPATH\CodeIgniter.php(340): CodeIgniter\CodeIgniter->handleRequest(null, Object(Config\Cache), false)
11 FCPATH\index.php(67): CodeIgniter\CodeIgniter->run()
CRITICAL - 2024-11-24 22:36:18 --> Cannot delete or update a parent row: a foreign key constraint fails (`ecommerce`.`products`, CONSTRAINT `fk_products_categories_category_id` FOREIGN KEY (`category_id`) REFERENCES `product_categories` (`id`))
in SYSTEMPATH\Database\MySQLi\Connection.php on line 292.
 1 SYSTEMPATH\Database\MySQLi\Connection.php(292): mysqli->query('DELETE FROM `product_categories`
WHERE `id` IN (\'1\')', 0)
 2 SYSTEMPATH\Database\BaseConnection.php(693): CodeIgniter\Database\MySQLi\Connection->execute('DELETE FROM `product_categories`
WHERE `id` IN (\'1\')')
 3 SYSTEMPATH\Database\BaseConnection.php(620): CodeIgniter\Database\BaseConnection->simpleQuery('DELETE FROM `product_categories`
WHERE `id` IN (\'1\')')
 4 SYSTEMPATH\Database\BaseBuilder.php(2390): CodeIgniter\Database\BaseConnection->query('DELETE FROM `product_categories`
WHERE `id` IN :id:', [...], false)
 5 SYSTEMPATH\Model.php(400): CodeIgniter\Database\BaseBuilder->delete()
 6 SYSTEMPATH\BaseModel.php(963): CodeIgniter\Model->doDelete([...], false)
 7 APPPATH\Controllers\ProductCategories.php(65): CodeIgniter\BaseModel->delete([...])
 8 SYSTEMPATH\CodeIgniter.php(898): App\Controllers\ProductCategories->delete('1')
 9 SYSTEMPATH\CodeIgniter.php(457): CodeIgniter\CodeIgniter->runController(Object(App\Controllers\ProductCategories))
10 SYSTEMPATH\CodeIgniter.php(340): CodeIgniter\CodeIgniter->handleRequest(null, Object(Config\Cache), false)
11 FCPATH\index.php(67): CodeIgniter\CodeIgniter->run()
ERROR - 2024-11-24 22:36:19 --> mysqli_sql_exception: Cannot delete or update a parent row: a foreign key constraint fails (`ecommerce`.`products`, CONSTRAINT `fk_products_categories_category_id` FOREIGN KEY (`category_id`) REFERENCES `product_categories` (`id`)) in C:\htdocs\ecommerce\system\Database\MySQLi\Connection.php:292
Stack trace:
#0 C:\htdocs\ecommerce\system\Database\MySQLi\Connection.php(292): mysqli->query('DELETE FROM `pr...', 0)
#1 C:\htdocs\ecommerce\system\Database\BaseConnection.php(693): CodeIgniter\Database\MySQLi\Connection->execute('DELETE FROM `pr...')
#2 C:\htdocs\ecommerce\system\Database\BaseConnection.php(620): CodeIgniter\Database\BaseConnection->simpleQuery('DELETE FROM `pr...')
#3 C:\htdocs\ecommerce\system\Database\BaseBuilder.php(2390): CodeIgniter\Database\BaseConnection->query('DELETE FROM `pr...', Array, false)
#4 C:\htdocs\ecommerce\system\Model.php(400): CodeIgniter\Database\BaseBuilder->delete()
#5 C:\htdocs\ecommerce\system\BaseModel.php(963): CodeIgniter\Model->doDelete(Array, false)
#6 C:\htdocs\ecommerce\app\Controllers\ProductCategories.php(65): CodeIgniter\BaseModel->delete(Array)
#7 C:\htdocs\ecommerce\system\CodeIgniter.php(898): App\Controllers\ProductCategories->delete('1')
#8 C:\htdocs\ecommerce\system\CodeIgniter.php(457): CodeIgniter\CodeIgniter->runController(Object(App\Controllers\ProductCategories))
#9 C:\htdocs\ecommerce\system\CodeIgniter.php(340): CodeIgniter\CodeIgniter->handleRequest(NULL, Object(Config\Cache), false)
#10 C:\htdocs\ecommerce\public\index.php(67): CodeIgniter\CodeIgniter->run()
#11 {main}
CRITICAL - 2024-11-24 22:36:19 --> Cannot delete or update a parent row: a foreign key constraint fails (`ecommerce`.`products`, CONSTRAINT `fk_products_categories_category_id` FOREIGN KEY (`category_id`) REFERENCES `product_categories` (`id`))
in SYSTEMPATH\Database\MySQLi\Connection.php on line 292.
 1 SYSTEMPATH\Database\MySQLi\Connection.php(292): mysqli->query('DELETE FROM `product_categories`
WHERE `id` IN (\'1\')', 0)
 2 SYSTEMPATH\Database\BaseConnection.php(693): CodeIgniter\Database\MySQLi\Connection->execute('DELETE FROM `product_categories`
WHERE `id` IN (\'1\')')
 3 SYSTEMPATH\Database\BaseConnection.php(620): CodeIgniter\Database\BaseConnection->simpleQuery('DELETE FROM `product_categories`
WHERE `id` IN (\'1\')')
 4 SYSTEMPATH\Database\BaseBuilder.php(2390): CodeIgniter\Database\BaseConnection->query('DELETE FROM `product_categories`
WHERE `id` IN :id:', [...], false)
 5 SYSTEMPATH\Model.php(400): CodeIgniter\Database\BaseBuilder->delete()
 6 SYSTEMPATH\BaseModel.php(963): CodeIgniter\Model->doDelete([...], false)
 7 APPPATH\Controllers\ProductCategories.php(65): CodeIgniter\BaseModel->delete([...])
 8 SYSTEMPATH\CodeIgniter.php(898): App\Controllers\ProductCategories->delete('1')
 9 SYSTEMPATH\CodeIgniter.php(457): CodeIgniter\CodeIgniter->runController(Object(App\Controllers\ProductCategories))
10 SYSTEMPATH\CodeIgniter.php(340): CodeIgniter\CodeIgniter->handleRequest(null, Object(Config\Cache), false)
11 FCPATH\index.php(67): CodeIgniter\CodeIgniter->run()
ERROR - 2024-11-24 22:36:19 --> mysqli_sql_exception: Cannot delete or update a parent row: a foreign key constraint fails (`ecommerce`.`products`, CONSTRAINT `fk_products_categories_category_id` FOREIGN KEY (`category_id`) REFERENCES `product_categories` (`id`)) in C:\htdocs\ecommerce\system\Database\MySQLi\Connection.php:292
Stack trace:
#0 C:\htdocs\ecommerce\system\Database\MySQLi\Connection.php(292): mysqli->query('DELETE FROM `pr...', 0)
#1 C:\htdocs\ecommerce\system\Database\BaseConnection.php(693): CodeIgniter\Database\MySQLi\Connection->execute('DELETE FROM `pr...')
#2 C:\htdocs\ecommerce\system\Database\BaseConnection.php(620): CodeIgniter\Database\BaseConnection->simpleQuery('DELETE FROM `pr...')
#3 C:\htdocs\ecommerce\system\Database\BaseBuilder.php(2390): CodeIgniter\Database\BaseConnection->query('DELETE FROM `pr...', Array, false)
#4 C:\htdocs\ecommerce\system\Model.php(400): CodeIgniter\Database\BaseBuilder->delete()
#5 C:\htdocs\ecommerce\system\BaseModel.php(963): CodeIgniter\Model->doDelete(Array, false)
#6 C:\htdocs\ecommerce\app\Controllers\ProductCategories.php(65): CodeIgniter\BaseModel->delete(Array)
#7 C:\htdocs\ecommerce\system\CodeIgniter.php(898): App\Controllers\ProductCategories->delete('1')
#8 C:\htdocs\ecommerce\system\CodeIgniter.php(457): CodeIgniter\CodeIgniter->runController(Object(App\Controllers\ProductCategories))
#9 C:\htdocs\ecommerce\system\CodeIgniter.php(340): CodeIgniter\CodeIgniter->handleRequest(NULL, Object(Config\Cache), false)
#10 C:\htdocs\ecommerce\public\index.php(67): CodeIgniter\CodeIgniter->run()
#11 {main}
CRITICAL - 2024-11-24 22:36:19 --> Cannot delete or update a parent row: a foreign key constraint fails (`ecommerce`.`products`, CONSTRAINT `fk_products_categories_category_id` FOREIGN KEY (`category_id`) REFERENCES `product_categories` (`id`))
in SYSTEMPATH\Database\MySQLi\Connection.php on line 292.
 1 SYSTEMPATH\Database\MySQLi\Connection.php(292): mysqli->query('DELETE FROM `product_categories`
WHERE `id` IN (\'1\')', 0)
 2 SYSTEMPATH\Database\BaseConnection.php(693): CodeIgniter\Database\MySQLi\Connection->execute('DELETE FROM `product_categories`
WHERE `id` IN (\'1\')')
 3 SYSTEMPATH\Database\BaseConnection.php(620): CodeIgniter\Database\BaseConnection->simpleQuery('DELETE FROM `product_categories`
WHERE `id` IN (\'1\')')
 4 SYSTEMPATH\Database\BaseBuilder.php(2390): CodeIgniter\Database\BaseConnection->query('DELETE FROM `product_categories`
WHERE `id` IN :id:', [...], false)
 5 SYSTEMPATH\Model.php(400): CodeIgniter\Database\BaseBuilder->delete()
 6 SYSTEMPATH\BaseModel.php(963): CodeIgniter\Model->doDelete([...], false)
 7 APPPATH\Controllers\ProductCategories.php(65): CodeIgniter\BaseModel->delete([...])
 8 SYSTEMPATH\CodeIgniter.php(898): App\Controllers\ProductCategories->delete('1')
 9 SYSTEMPATH\CodeIgniter.php(457): CodeIgniter\CodeIgniter->runController(Object(App\Controllers\ProductCategories))
10 SYSTEMPATH\CodeIgniter.php(340): CodeIgniter\CodeIgniter->handleRequest(null, Object(Config\Cache), false)
11 FCPATH\index.php(67): CodeIgniter\CodeIgniter->run()
ERROR - 2024-11-24 22:36:19 --> mysqli_sql_exception: Cannot delete or update a parent row: a foreign key constraint fails (`ecommerce`.`products`, CONSTRAINT `fk_products_categories_category_id` FOREIGN KEY (`category_id`) REFERENCES `product_categories` (`id`)) in C:\htdocs\ecommerce\system\Database\MySQLi\Connection.php:292
Stack trace:
#0 C:\htdocs\ecommerce\system\Database\MySQLi\Connection.php(292): mysqli->query('DELETE FROM `pr...', 0)
#1 C:\htdocs\ecommerce\system\Database\BaseConnection.php(693): CodeIgniter\Database\MySQLi\Connection->execute('DELETE FROM `pr...')
#2 C:\htdocs\ecommerce\system\Database\BaseConnection.php(620): CodeIgniter\Database\BaseConnection->simpleQuery('DELETE FROM `pr...')
#3 C:\htdocs\ecommerce\system\Database\BaseBuilder.php(2390): CodeIgniter\Database\BaseConnection->query('DELETE FROM `pr...', Array, false)
#4 C:\htdocs\ecommerce\system\Model.php(400): CodeIgniter\Database\BaseBuilder->delete()
#5 C:\htdocs\ecommerce\system\BaseModel.php(963): CodeIgniter\Model->doDelete(Array, false)
#6 C:\htdocs\ecommerce\app\Controllers\ProductCategories.php(65): CodeIgniter\BaseModel->delete(Array)
#7 C:\htdocs\ecommerce\system\CodeIgniter.php(898): App\Controllers\ProductCategories->delete('1')
#8 C:\htdocs\ecommerce\system\CodeIgniter.php(457): CodeIgniter\CodeIgniter->runController(Object(App\Controllers\ProductCategories))
#9 C:\htdocs\ecommerce\system\CodeIgniter.php(340): CodeIgniter\CodeIgniter->handleRequest(NULL, Object(Config\Cache), false)
#10 C:\htdocs\ecommerce\public\index.php(67): CodeIgniter\CodeIgniter->run()
#11 {main}
CRITICAL - 2024-11-24 22:36:19 --> Cannot delete or update a parent row: a foreign key constraint fails (`ecommerce`.`products`, CONSTRAINT `fk_products_categories_category_id` FOREIGN KEY (`category_id`) REFERENCES `product_categories` (`id`))
in SYSTEMPATH\Database\MySQLi\Connection.php on line 292.
 1 SYSTEMPATH\Database\MySQLi\Connection.php(292): mysqli->query('DELETE FROM `product_categories`
WHERE `id` IN (\'1\')', 0)
 2 SYSTEMPATH\Database\BaseConnection.php(693): CodeIgniter\Database\MySQLi\Connection->execute('DELETE FROM `product_categories`
WHERE `id` IN (\'1\')')
 3 SYSTEMPATH\Database\BaseConnection.php(620): CodeIgniter\Database\BaseConnection->simpleQuery('DELETE FROM `product_categories`
WHERE `id` IN (\'1\')')
 4 SYSTEMPATH\Database\BaseBuilder.php(2390): CodeIgniter\Database\BaseConnection->query('DELETE FROM `product_categories`
WHERE `id` IN :id:', [...], false)
 5 SYSTEMPATH\Model.php(400): CodeIgniter\Database\BaseBuilder->delete()
 6 SYSTEMPATH\BaseModel.php(963): CodeIgniter\Model->doDelete([...], false)
 7 APPPATH\Controllers\ProductCategories.php(65): CodeIgniter\BaseModel->delete([...])
 8 SYSTEMPATH\CodeIgniter.php(898): App\Controllers\ProductCategories->delete('1')
 9 SYSTEMPATH\CodeIgniter.php(457): CodeIgniter\CodeIgniter->runController(Object(App\Controllers\ProductCategories))
10 SYSTEMPATH\CodeIgniter.php(340): CodeIgniter\CodeIgniter->handleRequest(null, Object(Config\Cache), false)
11 FCPATH\index.php(67): CodeIgniter\CodeIgniter->run()
